{"level":"debug","time":"2023-10-18T23:27:02.216+0530","caller":"cmd/bin.go:97","msg":"cli os: darwin, cli arch: amd64"}
{"level":"debug","time":"2023-10-18T23:27:03.264+0530","caller":"cmd/bin.go:105","msg":"Upstream version: {Name: Min:0.2.117 Max:0.2.117} "}
{"level":"debug","time":"2023-10-18T23:27:07.241+0530","caller":"core/lifecycle.go:101","msg":"Setting environment"}
{"level":"debug","time":"2023-10-18T23:27:07.242+0530","caller":"core/lifecycle.go:104","msg":"Parsing config"}
{"level":"debug","time":"2023-10-18T23:27:07.243+0530","caller":"yamlconfigmanager/setup.go:404","msg":"Custom location for .hyperexecute.yaml specified. Using: hyperexecute.yaml"}
{"level":"debug","time":"2023-10-18T23:27:07.243+0530","caller":"yamlconfigmanager/setup.go:75","msg":"using hyperexecute config from : hyperexecute.yaml"}
{"level":"debug","time":"2023-10-18T23:27:08.128+0530","caller":"yamlconfigmanager/setup.go:1706","msg":"Autodetecting test type in files of path : /Users/rahulkumar/Desktop/KarateYTPractice"}
{"level":"debug","time":"2023-10-18T23:27:08.129+0530","caller":"yamlconfigmanager/setup.go:355","msg":"Tunnel: false"}
{"level":"info","time":"2023-10-18T23:27:08.129+0530","caller":"models/HypertestYamlConfig.go:310","msg":"\n\u001b[4m\u001b[1m\u001b[97mExecution Plan\u001b[0m\u001b[0m\u001b[0m"}
{"level":"info","time":"2023-10-18T23:27:08.129+0530","caller":"models/HypertestYamlConfig.go:362","msg":"Runson:    \u001b[36mwin\u001b[0m"}
{"level":"info","time":"2023-10-18T23:27:08.129+0530","caller":"models/HypertestYamlConfig.go:366","msg":"Concurrency:    \u001b[36m2\u001b[0m"}
{"level":"info","time":"2023-10-18T23:27:08.129+0530","caller":"models/HypertestYamlConfig.go:417","msg":"Report:    \u001b[36mdisabled\u001b[0m"}
{"level":"info","time":"2023-10-18T23:27:08.129+0530","caller":"models/HypertestYamlConfig.go:434","msg":"Cache Directories:"}
{"level":"info","time":"2023-10-18T23:27:08.129+0530","caller":"models/HypertestYamlConfig.go:436","msg":"    \u001b[36m$CACHE_DIR\u001b[0m"}
{"level":"info","time":"2023-10-18T23:27:08.129+0530","caller":"models/HypertestYamlConfig.go:457","msg":""}
{"level":"debug","time":"2023-10-18T23:27:08.129+0530","caller":"filevalidator/setup.go:46","msg":"Warning: Checking data.json file in current directory, no dataJsonPath found in .hyperexecute.yaml"}
{"level":"debug","time":"2023-10-18T23:27:08.129+0530","caller":"filevalidator/setup.go:50","msg":"Warning: data.json file doesn't exist"}
{"level":"debug","time":"2023-10-18T23:27:09.450+0530","caller":"core/lifecycle.go:380","msg":"Job ID: ac204eee-a3ce-4f78-be32-c186dea0fd11"}
{"level":"debug","time":"2023-10-18T23:27:09.452+0530","caller":"archivemanager/setup.go:159","msg":"Creating archive of target directory: /Users/rahulkumar/Desktop/KarateYTPractice"}
{"level":"debug","time":"2023-10-18T23:27:09.567+0530","caller":"core/lifecycle.go:510","msg":"Zip file size: 435.79 kB"}
{"level":"debug","time":"2023-10-18T23:27:09.567+0530","caller":"core/lifecycle.go:520","msg":"Archive location: /Users/rahulkumar/Desktop/KarateYTPractice/hyperexecute-code-ac204eee-a3ce-4f78-be32-c186dea0fd11.zip\n"}
{"level":"debug","time":"2023-10-18T23:27:09.568+0530","caller":"storage/azure.go:55","msg":"Payload size: 435.79 kB, source path /Users/rahulkumar/Desktop/KarateYTPractice/hyperexecute-code-ac204eee-a3ce-4f78-be32-c186dea0fd11.zip"}
{"level":"debug","time":"2023-10-18T23:27:09.568+0530","caller":"utils/azcopy.go:143","msg":"Downloading dependency binary ..................."}
{"level":"debug","time":"2023-10-18T23:27:11.568+0530","caller":"utils/azcopy.go:100","msg":"Downloading dependency to upload files"}
{"level":"info","time":"2023-10-18T23:27:17.608+0530","caller":"utils/azcopy.go:118","msg":"\u001b[91m\u001b[32m✔\u001b[0m Dependency binary downloaded successfully\u001b[0m"}
{"level":"debug","time":"2023-10-18T23:27:17.608+0530","caller":"utils/azcopy.go:190","msg":"returning from fallback"}
{"level":"debug","time":"2023-10-18T23:27:23.683+0530","caller":"receptionmanager/setup.go:143","msg":"Uploading yaml : /Users/rahulkumar/Desktop/KarateYTPractice/.updatedhyperexecute.yaml"}
{"level":"debug","time":"2023-10-18T23:27:23.684+0530","caller":"storage/azure.go:55","msg":"Payload size: 1.41 kB, source path /Users/rahulkumar/Desktop/KarateYTPractice/.updatedhyperexecute.yaml"}
{"level":"debug","time":"2023-10-18T23:27:26.940+0530","caller":"core/lifecycle.go:548","msg":"Successfully deleted code archive: /Users/rahulkumar/Desktop/KarateYTPractice/hyperexecute-code-ac204eee-a3ce-4f78-be32-c186dea0fd11.zip\n"}
{"level":"info","time":"2023-10-18T23:27:33.712+0530","caller":"jobmanager/setup.go:129","msg":"Job \u001b[1m\u001b[4mac204eee-a3ce-4f78-be32-c186dea0fd11\u001b[0m\u001b[0m has started \u001b[97mRUNNING\u001b[0m"}
{"level":"info","time":"2023-10-18T23:27:33.714+0530","caller":"jobmanager/setup.go:367","msg":"Job Link: \u001b[4m\u001b[34mhttps://hyperexecute.lambdatest.com/hyperexecute/task?jobId=ac204eee-a3ce-4f78-be32-c186dea0fd11\u001b[0m\u001b[0m\n"}
{"level":"debug","time":"2023-10-18T23:27:33.714+0530","caller":"jobmanager/setup.go:138","msg":"New Tasks generated"}
{"level":"debug","time":"2023-10-18T23:27:33.714+0530","caller":"jobmanager/setup.go:149","msg":"Task id: ed63c287-5245-4f1f-a407-364c8083c542"}
{"level":"debug","time":"2023-10-18T23:27:33.714+0530","caller":"jobmanager/setup.go:152","msg":"Sending new task alert to stage manager for taskId: ed63c287-5245-4f1f-a407-364c8083c542"}
{"level":"info","time":"2023-10-18T23:27:34.037+0530","caller":"terminal/terminal.go:185","msg":"\u001b[32m✔\u001b[0m [1]  \u001b[2mcache-download (2s)\u001b[0m\n"}
{"level":"info","time":"2023-10-18T23:27:51.527+0530","caller":"terminal/terminal.go:185","msg":"\u001b[32m✔\u001b[0m [1]  \u001b[2mpre (15s)\u001b[0m\n"}
{"level":"debug","time":"2023-10-18T23:27:53.477+0530","caller":"jobmanager/setup.go:204","msg":"\n\nJob status"}
{"level":"info","time":"2023-10-18T23:27:53.477+0530","caller":"jobmanager/JobSummaryManager.go:37","msg":"\n\u001b[102m\u001b[1m\u001b[30m COMPLETED \u001b[0m\u001b[0m\u001b[0m\n"}
{"level":"info","time":"2023-10-18T23:27:53.479+0530","caller":"jobmanager/JobSummaryManager.go:96","msg":"    \u001b[1mTest Execution Time\u001b[0m:                  \u001b[92m0s\u001b[0m"}
{"level":"info","time":"2023-10-18T23:27:53.479+0530","caller":"jobmanager/JobSummaryManager.go:96","msg":"    \u001b[1mJob Duration Time\u001b[0m:                    23s"}
{"level":"info","time":"2023-10-18T23:27:53.479+0530","caller":"jobmanager/JobSummaryManager.go:96","msg":"    \u001b[1mTotal Tasks\u001b[0m:                          1"}
{"level":"debug","time":"2023-10-18T23:27:53.479+0530","caller":"core/lifecycle.go:712","msg":"Context canceled"}
{"level":"info","time":"2023-10-18T23:27:53.479+0530","caller":"jobmanager/JobSummaryManager.go:96","msg":"    \u001b[1mCumulative Time Consumed\u001b[0m:             23s"}
{"level":"info","time":"2023-10-18T23:27:53.479+0530","caller":"core/lifecycle.go:715","msg":"\u001b[2mStopping pipeline gracefully\u001b[0m"}
{"level":"debug","time":"2023-10-18T23:27:53.479+0530","caller":"core/lifecycle.go:718","msg":"Quit requested from main goroutine...."}
{"level":"info","time":"2023-10-18T23:27:53.479+0530","caller":"jobmanager/JobSummaryManager.go:96","msg":"    \u001b[1mTotal Stages\u001b[0m:                         1"}
{"level":"debug","time":"2023-10-18T23:27:53.479+0530","caller":"core/lifecycle.go:719","msg":"Waiting for the goroutines to exit"}
{"level":"info","time":"2023-10-18T23:27:53.479+0530","caller":"jobmanager/JobSummaryManager.go:96","msg":"    \u001b[1mPass discovery stage percentage\u001b[0m:      0.00%"}
{"level":"info","time":"2023-10-18T23:27:53.479+0530","caller":"jobmanager/JobSummaryManager.go:96","msg":"    \u001b[1mFailed discovery stage percentage\u001b[0m:    0.00%"}
{"level":"info","time":"2023-10-18T23:27:53.479+0530","caller":"jobmanager/JobSummaryManager.go:96","msg":"    \u001b[1mPass pre stage percentage\u001b[0m:            \u001b[92m100.00%\u001b[0m"}
{"level":"debug","time":"2023-10-18T23:27:53.479+0530","caller":"core/lifecycle.go:721","msg":"All goroutines exited"}
{"level":"info","time":"2023-10-18T23:27:53.479+0530","caller":"jobmanager/JobSummaryManager.go:96","msg":"    \u001b[1mFailed pre stage percentage\u001b[0m:          0.00%"}
{"level":"info","time":"2023-10-18T23:27:53.479+0530","caller":"jobmanager/setup.go:367","msg":"Job Link: \u001b[4m\u001b[34mhttps://hyperexecute.lambdatest.com/hyperexecute/task?jobId=ac204eee-a3ce-4f78-be32-c186dea0fd11\u001b[0m\u001b[0m\n"}
{"level":"info","time":"2023-10-18T23:27:53.479+0530","caller":"jobmanager/JobSummaryManager.go:96","msg":"    \u001b[1mPass test stage percentage\u001b[0m:           0.00%"}
{"level":"debug","time":"2023-10-18T23:27:53.479+0530","caller":"cmd/bin.go:257","msg":"main: all goroutines have finished."}
{"level":"info","time":"2023-10-18T23:27:53.479+0530","caller":"jobmanager/JobSummaryManager.go:96","msg":"    \u001b[1mFailed test stage percentage\u001b[0m:         0.00%"}
{"level":"debug","time":"2023-10-18T23:38:35.449+0530","caller":"cmd/bin.go:97","msg":"cli os: darwin, cli arch: amd64"}
{"level":"debug","time":"2023-10-18T23:38:36.310+0530","caller":"cmd/bin.go:105","msg":"Upstream version: {Name: Min:0.2.117 Max:0.2.117} "}
{"level":"debug","time":"2023-10-18T23:38:39.008+0530","caller":"core/lifecycle.go:101","msg":"Setting environment"}
{"level":"debug","time":"2023-10-18T23:38:39.009+0530","caller":"core/lifecycle.go:104","msg":"Parsing config"}
{"level":"debug","time":"2023-10-18T23:38:39.009+0530","caller":"yamlconfigmanager/setup.go:404","msg":"Custom location for .hyperexecute.yaml specified. Using: hyperexecute.yaml"}
{"level":"debug","time":"2023-10-18T23:38:39.009+0530","caller":"yamlconfigmanager/setup.go:75","msg":"using hyperexecute config from : hyperexecute.yaml"}
{"level":"debug","time":"2023-10-18T23:38:39.935+0530","caller":"yamlconfigmanager/setup.go:1706","msg":"Autodetecting test type in files of path : /Users/rahulkumar/Desktop/KarateYTPractice"}
{"level":"debug","time":"2023-10-18T23:38:39.937+0530","caller":"yamlconfigmanager/setup.go:355","msg":"Tunnel: false"}
{"level":"info","time":"2023-10-18T23:38:39.937+0530","caller":"models/HypertestYamlConfig.go:310","msg":"\n\u001b[4m\u001b[1m\u001b[97mExecution Plan\u001b[0m\u001b[0m\u001b[0m"}
{"level":"info","time":"2023-10-18T23:38:39.937+0530","caller":"models/HypertestYamlConfig.go:362","msg":"Runson:    \u001b[36mwin\u001b[0m"}
{"level":"info","time":"2023-10-18T23:38:39.937+0530","caller":"models/HypertestYamlConfig.go:366","msg":"Concurrency:    \u001b[36m2\u001b[0m"}
{"level":"info","time":"2023-10-18T23:38:39.937+0530","caller":"models/HypertestYamlConfig.go:417","msg":"Report:    \u001b[36mdisabled\u001b[0m"}
{"level":"info","time":"2023-10-18T23:38:39.937+0530","caller":"models/HypertestYamlConfig.go:434","msg":"Cache Directories:"}
{"level":"info","time":"2023-10-18T23:38:39.938+0530","caller":"models/HypertestYamlConfig.go:436","msg":"    \u001b[36m$CACHE_DIR\u001b[0m"}
{"level":"info","time":"2023-10-18T23:38:39.938+0530","caller":"models/HypertestYamlConfig.go:457","msg":""}
{"level":"debug","time":"2023-10-18T23:38:39.938+0530","caller":"filevalidator/setup.go:46","msg":"Warning: Checking data.json file in current directory, no dataJsonPath found in .hyperexecute.yaml"}
{"level":"debug","time":"2023-10-18T23:38:39.938+0530","caller":"filevalidator/setup.go:50","msg":"Warning: data.json file doesn't exist"}
{"level":"debug","time":"2023-10-18T23:38:41.140+0530","caller":"core/lifecycle.go:380","msg":"Job ID: d758c2ab-0870-4ea2-97db-da2eae0db2c8"}
{"level":"debug","time":"2023-10-18T23:38:41.142+0530","caller":"archivemanager/setup.go:159","msg":"Creating archive of target directory: /Users/rahulkumar/Desktop/KarateYTPractice"}
{"level":"debug","time":"2023-10-18T23:38:41.258+0530","caller":"core/lifecycle.go:510","msg":"Zip file size: 435.77 kB"}
{"level":"debug","time":"2023-10-18T23:38:41.258+0530","caller":"core/lifecycle.go:520","msg":"Archive location: /Users/rahulkumar/Desktop/KarateYTPractice/hyperexecute-code-d758c2ab-0870-4ea2-97db-da2eae0db2c8.zip\n"}
{"level":"debug","time":"2023-10-18T23:38:41.258+0530","caller":"storage/azure.go:55","msg":"Payload size: 435.77 kB, source path /Users/rahulkumar/Desktop/KarateYTPractice/hyperexecute-code-d758c2ab-0870-4ea2-97db-da2eae0db2c8.zip"}
{"level":"debug","time":"2023-10-18T23:38:48.841+0530","caller":"receptionmanager/setup.go:143","msg":"Uploading yaml : /Users/rahulkumar/Desktop/KarateYTPractice/.updatedhyperexecute.yaml"}
{"level":"debug","time":"2023-10-18T23:38:48.841+0530","caller":"storage/azure.go:55","msg":"Payload size: 1.39 kB, source path /Users/rahulkumar/Desktop/KarateYTPractice/.updatedhyperexecute.yaml"}
{"level":"debug","time":"2023-10-18T23:38:52.196+0530","caller":"core/lifecycle.go:548","msg":"Successfully deleted code archive: /Users/rahulkumar/Desktop/KarateYTPractice/hyperexecute-code-d758c2ab-0870-4ea2-97db-da2eae0db2c8.zip\n"}
{"level":"info","time":"2023-10-18T23:38:58.414+0530","caller":"jobmanager/setup.go:129","msg":"Job \u001b[1m\u001b[4md758c2ab-0870-4ea2-97db-da2eae0db2c8\u001b[0m\u001b[0m has started \u001b[97mRUNNING\u001b[0m"}
{"level":"info","time":"2023-10-18T23:38:58.414+0530","caller":"jobmanager/setup.go:367","msg":"Job Link: \u001b[4m\u001b[34mhttps://hyperexecute.lambdatest.com/hyperexecute/task?jobId=d758c2ab-0870-4ea2-97db-da2eae0db2c8\u001b[0m\u001b[0m\n"}
{"level":"debug","time":"2023-10-18T23:38:58.414+0530","caller":"jobmanager/setup.go:138","msg":"New Tasks generated"}
{"level":"debug","time":"2023-10-18T23:38:58.414+0530","caller":"jobmanager/setup.go:149","msg":"Task id: 59c21403-12d9-45b4-be20-8a08ef460b41"}
{"level":"debug","time":"2023-10-18T23:38:58.414+0530","caller":"jobmanager/setup.go:152","msg":"Sending new task alert to stage manager for taskId: 59c21403-12d9-45b4-be20-8a08ef460b41"}
{"level":"info","time":"2023-10-18T23:38:58.742+0530","caller":"terminal/terminal.go:185","msg":"\u001b[32m✔\u001b[0m [1]  \u001b[2mcache-download (1s)\u001b[0m\n"}
{"level":"info","time":"2023-10-18T23:39:15.339+0530","caller":"terminal/terminal.go:185","msg":"\u001b[32m✔\u001b[0m [1]  \u001b[2mpre (14s)\u001b[0m\n"}
{"level":"info","time":"2023-10-18T23:39:35.437+0530","caller":"terminal/terminal.go:185","msg":"\u001b[91mx\u001b[0m [1]  \u001b[2mmvn test (17s)\u001b[0m\n"}
{"level":"info","time":"2023-10-18T23:39:44.789+0530","caller":"terminal/terminal.go:185","msg":"\u001b[91mx\u001b[0m [1] \u001b[2m {retry 1}\u001b[0m \u001b[2mmvn test (8s)\u001b[0m\n"}
{"level":"debug","time":"2023-10-18T23:39:48.418+0530","caller":"jobmanager/setup.go:204","msg":"\n\nJob status"}
{"level":"info","time":"2023-10-18T23:39:48.418+0530","caller":"core/lifecycle.go:619","msg":"taskId:59c21403-12d9-45b4-be20-8a08ef460b41 has failed with remark: error in running test suites - step 1 - exit status 1\n"}
{"level":"info","time":"2023-10-18T23:39:48.418+0530","caller":"jobmanager/JobSummaryManager.go:37","msg":"\n\u001b[101m FAILED \u001b[0m\n"}
{"level":"info","time":"2023-10-18T23:39:48.418+0530","caller":"jobmanager/JobSummaryManager.go:96","msg":"    \u001b[1mTest Execution Time\u001b[0m:                  \u001b[91m26s\u001b[0m"}
{"level":"debug","time":"2023-10-18T23:39:48.418+0530","caller":"core/lifecycle.go:712","msg":"Context canceled"}
{"level":"info","time":"2023-10-18T23:39:48.419+0530","caller":"jobmanager/JobSummaryManager.go:96","msg":"    \u001b[1mJob Duration Time\u001b[0m:                    53s"}
{"level":"info","time":"2023-10-18T23:39:48.419+0530","caller":"core/lifecycle.go:715","msg":"\u001b[2mStopping pipeline gracefully\u001b[0m"}
{"level":"debug","time":"2023-10-18T23:39:48.419+0530","caller":"core/lifecycle.go:718","msg":"Quit requested from main goroutine...."}
{"level":"debug","time":"2023-10-18T23:39:48.419+0530","caller":"core/lifecycle.go:719","msg":"Waiting for the goroutines to exit"}
{"level":"debug","time":"2023-10-18T23:39:48.419+0530","caller":"core/lifecycle.go:721","msg":"All goroutines exited"}
{"level":"error","time":"2023-10-18T23:39:48.419+0530","caller":"core/lifecycle.go:723","msg":"2023-10-18T23:38:35+05:30    error    Exiting with error: Failed tasks found."}
{"level":"info","time":"2023-10-18T23:39:48.419+0530","caller":"jobmanager/setup.go:367","msg":"Job Link: \u001b[4m\u001b[34mhttps://hyperexecute.lambdatest.com/hyperexecute/task?jobId=d758c2ab-0870-4ea2-97db-da2eae0db2c8\u001b[0m\u001b[0m\n"}
{"level":"debug","time":"2023-10-18T23:39:48.419+0530","caller":"cmd/bin.go:297","msg":"Exiting application due to error Failed tasks found."}
{"level":"debug","time":"2023-10-18T23:40:00.547+0530","caller":"cmd/bin.go:97","msg":"cli os: darwin, cli arch: amd64"}
{"level":"debug","time":"2023-10-18T23:40:01.278+0530","caller":"cmd/bin.go:105","msg":"Upstream version: {Name: Min:0.2.117 Max:0.2.117} "}
{"level":"debug","time":"2023-10-18T23:40:04.024+0530","caller":"core/lifecycle.go:101","msg":"Setting environment"}
{"level":"debug","time":"2023-10-18T23:40:04.025+0530","caller":"core/lifecycle.go:104","msg":"Parsing config"}
{"level":"debug","time":"2023-10-18T23:40:04.025+0530","caller":"yamlconfigmanager/setup.go:404","msg":"Custom location for .hyperexecute.yaml specified. Using: hyperexecute.yaml"}
{"level":"debug","time":"2023-10-18T23:40:04.025+0530","caller":"yamlconfigmanager/setup.go:75","msg":"using hyperexecute config from : hyperexecute.yaml"}
{"level":"error","time":"2023-10-18T23:40:04.026+0530","caller":"yamlconfigmanager/setup.go:119","msg":"2023-10-18T23:40:00+05:30    error    \u001b[91mERR::PAR::HT_YAML\u001b[0m     Unable to parse hyperexecute yaml. yaml: unmarshal errors:\n  line 29: cannot unmarshal !!str `-mvn test` into []string"}
{"level":"error","time":"2023-10-18T23:40:04.026+0530","caller":"core/lifecycle.go:109","msg":"2023-10-18T23:40:00+05:30    error    \u001b[91mERR::PAR::HT_YAML\u001b[0m     Unable to parse hyperexecute yaml. yaml: unmarshal errors:\n  line 29: cannot unmarshal !!str `-mvn test` into []string"}
{"level":"debug","time":"2023-10-18T23:40:04.026+0530","caller":"cmd/bin.go:297","msg":"Exiting application due to error \u001b[91mERR::PAR::HT_YAML\u001b[0m     Unable to parse hyperexecute yaml. yaml: unmarshal errors:\n  line 29: cannot unmarshal !!str `-mvn test` into []string"}
{"level":"debug","time":"2023-10-18T23:40:28.965+0530","caller":"cmd/bin.go:97","msg":"cli os: darwin, cli arch: amd64"}
{"level":"debug","time":"2023-10-18T23:40:29.966+0530","caller":"cmd/bin.go:105","msg":"Upstream version: {Name: Min:0.2.117 Max:0.2.117} "}
{"level":"debug","time":"2023-10-18T23:40:32.539+0530","caller":"core/lifecycle.go:101","msg":"Setting environment"}
{"level":"debug","time":"2023-10-18T23:40:32.540+0530","caller":"core/lifecycle.go:104","msg":"Parsing config"}
{"level":"debug","time":"2023-10-18T23:40:32.541+0530","caller":"yamlconfigmanager/setup.go:404","msg":"Custom location for .hyperexecute.yaml specified. Using: hyperexecute.yaml"}
{"level":"debug","time":"2023-10-18T23:40:32.541+0530","caller":"yamlconfigmanager/setup.go:75","msg":"using hyperexecute config from : hyperexecute.yaml"}
{"level":"error","time":"2023-10-18T23:40:32.545+0530","caller":"yamlconfigmanager/setup.go:119","msg":"2023-10-18T23:40:28+05:30    error    \u001b[91mERR::PAR::HT_YAML\u001b[0m     Unable to parse hyperexecute yaml. yaml: unmarshal errors:\n  line 29: cannot unmarshal !!str `-mvn test` into []string"}
{"level":"error","time":"2023-10-18T23:40:32.545+0530","caller":"core/lifecycle.go:109","msg":"2023-10-18T23:40:28+05:30    error    \u001b[91mERR::PAR::HT_YAML\u001b[0m     Unable to parse hyperexecute yaml. yaml: unmarshal errors:\n  line 29: cannot unmarshal !!str `-mvn test` into []string"}
{"level":"debug","time":"2023-10-18T23:40:32.545+0530","caller":"cmd/bin.go:297","msg":"Exiting application due to error \u001b[91mERR::PAR::HT_YAML\u001b[0m     Unable to parse hyperexecute yaml. yaml: unmarshal errors:\n  line 29: cannot unmarshal !!str `-mvn test` into []string"}
{"level":"debug","time":"2023-10-18T23:41:00.050+0530","caller":"cmd/bin.go:97","msg":"cli os: darwin, cli arch: amd64"}
{"level":"debug","time":"2023-10-18T23:41:01.061+0530","caller":"cmd/bin.go:105","msg":"Upstream version: {Name: Min:0.2.117 Max:0.2.117} "}
{"level":"debug","time":"2023-10-18T23:41:03.683+0530","caller":"core/lifecycle.go:101","msg":"Setting environment"}
{"level":"debug","time":"2023-10-18T23:41:03.684+0530","caller":"core/lifecycle.go:104","msg":"Parsing config"}
{"level":"debug","time":"2023-10-18T23:41:03.684+0530","caller":"yamlconfigmanager/setup.go:404","msg":"Custom location for .hyperexecute.yaml specified. Using: hyperexecute.yaml"}
{"level":"debug","time":"2023-10-18T23:41:03.684+0530","caller":"yamlconfigmanager/setup.go:75","msg":"using hyperexecute config from : hyperexecute.yaml"}
{"level":"error","time":"2023-10-18T23:41:03.685+0530","caller":"yamlconfigmanager/setup.go:119","msg":"2023-10-18T23:41:00+05:30    error    \u001b[91mERR::PAR::HT_YAML\u001b[0m     Unable to parse hyperexecute yaml. yaml: unmarshal errors:\n  line 29: cannot unmarshal !!str `mvn test` into []string"}
{"level":"error","time":"2023-10-18T23:41:03.685+0530","caller":"core/lifecycle.go:109","msg":"2023-10-18T23:41:00+05:30    error    \u001b[91mERR::PAR::HT_YAML\u001b[0m     Unable to parse hyperexecute yaml. yaml: unmarshal errors:\n  line 29: cannot unmarshal !!str `mvn test` into []string"}
{"level":"debug","time":"2023-10-18T23:41:03.685+0530","caller":"cmd/bin.go:297","msg":"Exiting application due to error \u001b[91mERR::PAR::HT_YAML\u001b[0m     Unable to parse hyperexecute yaml. yaml: unmarshal errors:\n  line 29: cannot unmarshal !!str `mvn test` into []string"}
{"level":"debug","time":"2023-10-18T23:41:16.537+0530","caller":"cmd/bin.go:97","msg":"cli os: darwin, cli arch: amd64"}
{"level":"debug","time":"2023-10-18T23:41:17.291+0530","caller":"cmd/bin.go:105","msg":"Upstream version: {Name: Min:0.2.117 Max:0.2.117} "}
{"level":"debug","time":"2023-10-18T23:41:19.878+0530","caller":"core/lifecycle.go:101","msg":"Setting environment"}
{"level":"debug","time":"2023-10-18T23:41:19.879+0530","caller":"core/lifecycle.go:104","msg":"Parsing config"}
{"level":"debug","time":"2023-10-18T23:41:19.879+0530","caller":"yamlconfigmanager/setup.go:404","msg":"Custom location for .hyperexecute.yaml specified. Using: hyperexecute.yaml"}
{"level":"debug","time":"2023-10-18T23:41:19.879+0530","caller":"yamlconfigmanager/setup.go:75","msg":"using hyperexecute config from : hyperexecute.yaml"}
{"level":"debug","time":"2023-10-18T23:41:20.670+0530","caller":"yamlconfigmanager/setup.go:1706","msg":"Autodetecting test type in files of path : /Users/rahulkumar/Desktop/KarateYTPractice"}
{"level":"debug","time":"2023-10-18T23:41:20.671+0530","caller":"yamlconfigmanager/setup.go:355","msg":"Tunnel: false"}
{"level":"info","time":"2023-10-18T23:41:20.671+0530","caller":"models/HypertestYamlConfig.go:310","msg":"\n\u001b[4m\u001b[1m\u001b[97mExecution Plan\u001b[0m\u001b[0m\u001b[0m"}
{"level":"info","time":"2023-10-18T23:41:20.671+0530","caller":"models/HypertestYamlConfig.go:362","msg":"Runson:    \u001b[36mwin\u001b[0m"}
{"level":"info","time":"2023-10-18T23:41:20.671+0530","caller":"models/HypertestYamlConfig.go:366","msg":"Concurrency:    \u001b[36m2\u001b[0m"}
{"level":"info","time":"2023-10-18T23:41:20.671+0530","caller":"models/HypertestYamlConfig.go:417","msg":"Report:    \u001b[36mdisabled\u001b[0m"}
{"level":"info","time":"2023-10-18T23:41:20.671+0530","caller":"models/HypertestYamlConfig.go:434","msg":"Cache Directories:"}
{"level":"info","time":"2023-10-18T23:41:20.671+0530","caller":"models/HypertestYamlConfig.go:436","msg":"    \u001b[36m$CACHE_DIR\u001b[0m"}
{"level":"info","time":"2023-10-18T23:41:20.671+0530","caller":"models/HypertestYamlConfig.go:457","msg":""}
{"level":"debug","time":"2023-10-18T23:41:20.672+0530","caller":"filevalidator/setup.go:46","msg":"Warning: Checking data.json file in current directory, no dataJsonPath found in .hyperexecute.yaml"}
{"level":"debug","time":"2023-10-18T23:41:20.672+0530","caller":"filevalidator/setup.go:50","msg":"Warning: data.json file doesn't exist"}
{"level":"debug","time":"2023-10-18T23:41:21.428+0530","caller":"core/lifecycle.go:380","msg":"Job ID: fa2d4eed-8e58-4dc4-9436-f18ea01ce51d"}
{"level":"debug","time":"2023-10-18T23:41:21.431+0530","caller":"archivemanager/setup.go:159","msg":"Creating archive of target directory: /Users/rahulkumar/Desktop/KarateYTPractice"}
{"level":"debug","time":"2023-10-18T23:41:21.525+0530","caller":"core/lifecycle.go:510","msg":"Zip file size: 435.77 kB"}
{"level":"debug","time":"2023-10-18T23:41:21.525+0530","caller":"core/lifecycle.go:520","msg":"Archive location: /Users/rahulkumar/Desktop/KarateYTPractice/hyperexecute-code-fa2d4eed-8e58-4dc4-9436-f18ea01ce51d.zip\n"}
{"level":"debug","time":"2023-10-18T23:41:21.525+0530","caller":"storage/azure.go:55","msg":"Payload size: 435.77 kB, source path /Users/rahulkumar/Desktop/KarateYTPractice/hyperexecute-code-fa2d4eed-8e58-4dc4-9436-f18ea01ce51d.zip"}
{"level":"debug","time":"2023-10-18T23:41:30.004+0530","caller":"receptionmanager/setup.go:143","msg":"Uploading yaml : /Users/rahulkumar/Desktop/KarateYTPractice/.updatedhyperexecute.yaml"}
{"level":"debug","time":"2023-10-18T23:41:30.005+0530","caller":"storage/azure.go:55","msg":"Payload size: 1.39 kB, source path /Users/rahulkumar/Desktop/KarateYTPractice/.updatedhyperexecute.yaml"}
{"level":"debug","time":"2023-10-18T23:41:33.251+0530","caller":"core/lifecycle.go:548","msg":"Successfully deleted code archive: /Users/rahulkumar/Desktop/KarateYTPractice/hyperexecute-code-fa2d4eed-8e58-4dc4-9436-f18ea01ce51d.zip\n"}
{"level":"info","time":"2023-10-18T23:41:40.027+0530","caller":"jobmanager/setup.go:129","msg":"Job \u001b[1m\u001b[4mfa2d4eed-8e58-4dc4-9436-f18ea01ce51d\u001b[0m\u001b[0m has started \u001b[97mRUNNING\u001b[0m"}
{"level":"info","time":"2023-10-18T23:41:40.029+0530","caller":"jobmanager/setup.go:367","msg":"Job Link: \u001b[4m\u001b[34mhttps://hyperexecute.lambdatest.com/hyperexecute/task?jobId=fa2d4eed-8e58-4dc4-9436-f18ea01ce51d\u001b[0m\u001b[0m\n"}
{"level":"debug","time":"2023-10-18T23:41:40.029+0530","caller":"jobmanager/setup.go:138","msg":"New Tasks generated"}
{"level":"debug","time":"2023-10-18T23:41:40.029+0530","caller":"jobmanager/setup.go:149","msg":"Task id: d3aa5155-5395-48fc-b578-94ab7be355b5"}
{"level":"debug","time":"2023-10-18T23:41:40.029+0530","caller":"jobmanager/setup.go:152","msg":"Sending new task alert to stage manager for taskId: d3aa5155-5395-48fc-b578-94ab7be355b5"}
{"level":"info","time":"2023-10-18T23:41:40.741+0530","caller":"terminal/terminal.go:185","msg":"\u001b[32m✔\u001b[0m [1]  \u001b[2mcache-download (2s)\u001b[0m\n"}
{"level":"info","time":"2023-10-18T23:41:57.022+0530","caller":"terminal/terminal.go:185","msg":"\u001b[32m✔\u001b[0m [1]  \u001b[2mpre (14s)\u001b[0m\n"}
{"level":"info","time":"2023-10-18T23:42:18.472+0530","caller":"terminal/terminal.go:185","msg":"\u001b[91mx\u001b[0m [1]  \u001b[2mmvn test (18s)\u001b[0m\n"}
{"level":"info","time":"2023-10-18T23:42:28.004+0530","caller":"terminal/terminal.go:185","msg":"\u001b[91mx\u001b[0m [1] \u001b[2m {retry 1}\u001b[0m \u001b[2mmvn test (7s)\u001b[0m\n"}
{"level":"debug","time":"2023-10-18T23:42:29.452+0530","caller":"jobmanager/setup.go:204","msg":"\n\nJob status"}
{"level":"info","time":"2023-10-18T23:42:29.453+0530","caller":"core/lifecycle.go:619","msg":"taskId:d3aa5155-5395-48fc-b578-94ab7be355b5 has failed with remark: error in running test suites - step 1 - exit status 1\n"}
{"level":"info","time":"2023-10-18T23:42:29.453+0530","caller":"jobmanager/JobSummaryManager.go:37","msg":"\n\u001b[101m FAILED \u001b[0m\n"}
{"level":"debug","time":"2023-10-18T23:42:29.454+0530","caller":"core/lifecycle.go:712","msg":"Context canceled"}
{"level":"info","time":"2023-10-18T23:42:29.454+0530","caller":"core/lifecycle.go:715","msg":"\u001b[2mStopping pipeline gracefully\u001b[0m"}
{"level":"debug","time":"2023-10-18T23:42:29.454+0530","caller":"core/lifecycle.go:718","msg":"Quit requested from main goroutine...."}
{"level":"debug","time":"2023-10-18T23:42:29.454+0530","caller":"core/lifecycle.go:719","msg":"Waiting for the goroutines to exit"}
{"level":"debug","time":"2023-10-18T23:42:29.455+0530","caller":"core/lifecycle.go:721","msg":"All goroutines exited"}
{"level":"error","time":"2023-10-18T23:42:29.455+0530","caller":"core/lifecycle.go:723","msg":"2023-10-18T23:41:16+05:30    error    Exiting with error: Failed tasks found."}
{"level":"info","time":"2023-10-18T23:42:29.455+0530","caller":"jobmanager/setup.go:367","msg":"Job Link: \u001b[4m\u001b[34mhttps://hyperexecute.lambdatest.com/hyperexecute/task?jobId=fa2d4eed-8e58-4dc4-9436-f18ea01ce51d\u001b[0m\u001b[0m\n"}
{"level":"debug","time":"2023-10-18T23:42:29.455+0530","caller":"cmd/bin.go:297","msg":"Exiting application due to error Failed tasks found."}
{"level":"info","time":"2023-10-18T23:42:29.455+0530","caller":"jobmanager/JobSummaryManager.go:96","msg":"    \u001b[1mTest Execution Time\u001b[0m:                  \u001b[91m27s\u001b[0m"}
{"level":"debug","time":"2023-10-18T23:53:03.931+0530","caller":"cmd/bin.go:97","msg":"cli os: darwin, cli arch: amd64"}
{"level":"debug","time":"2023-10-18T23:53:04.902+0530","caller":"cmd/bin.go:105","msg":"Upstream version: {Name: Min:0.2.117 Max:0.2.117} "}
{"level":"debug","time":"2023-10-18T23:53:07.706+0530","caller":"core/lifecycle.go:101","msg":"Setting environment"}
{"level":"debug","time":"2023-10-18T23:53:07.707+0530","caller":"core/lifecycle.go:104","msg":"Parsing config"}
{"level":"debug","time":"2023-10-18T23:53:07.707+0530","caller":"yamlconfigmanager/setup.go:404","msg":"Custom location for .hyperexecute.yaml specified. Using: hyperexecute.yaml"}
{"level":"debug","time":"2023-10-18T23:53:07.707+0530","caller":"yamlconfigmanager/setup.go:75","msg":"using hyperexecute config from : hyperexecute.yaml"}
{"level":"debug","time":"2023-10-18T23:53:08.093+0530","caller":"yamlconfigmanager/setup.go:1706","msg":"Autodetecting test type in files of path : /Users/rahulkumar/Desktop/KarateYTPractice"}
{"level":"debug","time":"2023-10-18T23:53:08.095+0530","caller":"yamlconfigmanager/setup.go:355","msg":"Tunnel: false"}
{"level":"info","time":"2023-10-18T23:53:08.096+0530","caller":"models/HypertestYamlConfig.go:310","msg":"\n\u001b[4m\u001b[1m\u001b[97mExecution Plan\u001b[0m\u001b[0m\u001b[0m"}
{"level":"info","time":"2023-10-18T23:53:08.096+0530","caller":"models/HypertestYamlConfig.go:362","msg":"Runson:    \u001b[36mwin\u001b[0m"}
{"level":"info","time":"2023-10-18T23:53:08.096+0530","caller":"models/HypertestYamlConfig.go:366","msg":"Concurrency:    \u001b[36m2\u001b[0m"}
{"level":"info","time":"2023-10-18T23:53:08.096+0530","caller":"models/HypertestYamlConfig.go:417","msg":"Report:    \u001b[36mdisabled\u001b[0m"}
{"level":"info","time":"2023-10-18T23:53:08.096+0530","caller":"models/HypertestYamlConfig.go:434","msg":"Cache Directories:"}
{"level":"info","time":"2023-10-18T23:53:08.096+0530","caller":"models/HypertestYamlConfig.go:436","msg":"    \u001b[36m$CACHE_DIR\u001b[0m"}
{"level":"info","time":"2023-10-18T23:53:08.096+0530","caller":"models/HypertestYamlConfig.go:457","msg":""}
{"level":"debug","time":"2023-10-18T23:53:08.097+0530","caller":"filevalidator/setup.go:46","msg":"Warning: Checking data.json file in current directory, no dataJsonPath found in .hyperexecute.yaml"}
{"level":"debug","time":"2023-10-18T23:53:08.097+0530","caller":"filevalidator/setup.go:50","msg":"Warning: data.json file doesn't exist"}
{"level":"debug","time":"2023-10-18T23:53:09.239+0530","caller":"core/lifecycle.go:380","msg":"Job ID: 46e08b7d-2e0e-4d1a-b67d-1c7767700242"}
{"level":"debug","time":"2023-10-18T23:53:09.243+0530","caller":"archivemanager/setup.go:159","msg":"Creating archive of target directory: /Users/rahulkumar/Desktop/KarateYTPractice"}
{"level":"debug","time":"2023-10-18T23:53:09.406+0530","caller":"core/lifecycle.go:510","msg":"Zip file size: 439.75 kB"}
{"level":"debug","time":"2023-10-18T23:53:09.406+0530","caller":"core/lifecycle.go:520","msg":"Archive location: /Users/rahulkumar/Desktop/KarateYTPractice/hyperexecute-code-46e08b7d-2e0e-4d1a-b67d-1c7767700242.zip\n"}
{"level":"debug","time":"2023-10-18T23:53:09.406+0530","caller":"storage/azure.go:55","msg":"Payload size: 439.75 kB, source path /Users/rahulkumar/Desktop/KarateYTPractice/hyperexecute-code-46e08b7d-2e0e-4d1a-b67d-1c7767700242.zip"}
{"level":"debug","time":"2023-10-18T23:53:16.912+0530","caller":"receptionmanager/setup.go:143","msg":"Uploading yaml : /Users/rahulkumar/Desktop/KarateYTPractice/.updatedhyperexecute.yaml"}
{"level":"debug","time":"2023-10-18T23:53:16.912+0530","caller":"storage/azure.go:55","msg":"Payload size: 1.39 kB, source path /Users/rahulkumar/Desktop/KarateYTPractice/.updatedhyperexecute.yaml"}
{"level":"debug","time":"2023-10-18T23:53:20.162+0530","caller":"core/lifecycle.go:548","msg":"Successfully deleted code archive: /Users/rahulkumar/Desktop/KarateYTPractice/hyperexecute-code-46e08b7d-2e0e-4d1a-b67d-1c7767700242.zip\n"}
{"level":"info","time":"2023-10-18T23:53:27.022+0530","caller":"jobmanager/setup.go:129","msg":"Job \u001b[1m\u001b[4m46e08b7d-2e0e-4d1a-b67d-1c7767700242\u001b[0m\u001b[0m has started \u001b[97mRUNNING\u001b[0m"}
{"level":"info","time":"2023-10-18T23:53:27.022+0530","caller":"jobmanager/setup.go:367","msg":"Job Link: \u001b[4m\u001b[34mhttps://hyperexecute.lambdatest.com/hyperexecute/task?jobId=46e08b7d-2e0e-4d1a-b67d-1c7767700242\u001b[0m\u001b[0m\n"}
{"level":"debug","time":"2023-10-18T23:53:27.022+0530","caller":"jobmanager/setup.go:138","msg":"New Tasks generated"}
{"level":"debug","time":"2023-10-18T23:53:27.022+0530","caller":"jobmanager/setup.go:149","msg":"Task id: 4838d0c1-1b37-48fb-9775-3e2735c3e962"}
{"level":"debug","time":"2023-10-18T23:53:27.022+0530","caller":"jobmanager/setup.go:152","msg":"Sending new task alert to stage manager for taskId: 4838d0c1-1b37-48fb-9775-3e2735c3e962"}
{"level":"info","time":"2023-10-18T23:53:27.360+0530","caller":"terminal/terminal.go:185","msg":"\u001b[32m✔\u001b[0m [1]  \u001b[2mcache-download (2s)\u001b[0m\n"}
{"level":"info","time":"2023-10-18T23:53:44.160+0530","caller":"terminal/terminal.go:185","msg":"\u001b[32m✔\u001b[0m [1]  \u001b[2mpre (14s)\u001b[0m\n"}
{"level":"info","time":"2023-10-18T23:54:05.351+0530","caller":"terminal/terminal.go:185","msg":"\u001b[30m✔\u001b[0m [1]  \u001b[2mmvn test (18s)\u001b[0m\n"}
{"level":"debug","time":"2023-10-18T23:54:06.949+0530","caller":"jobmanager/setup.go:204","msg":"\n\nJob status"}
{"level":"info","time":"2023-10-18T23:54:06.950+0530","caller":"jobmanager/JobSummaryManager.go:37","msg":"\n\u001b[102m\u001b[1m\u001b[30m PARTIALLY COMPLETED \u001b[0m\u001b[0m\u001b[0m\n"}
{"level":"debug","time":"2023-10-18T23:54:06.950+0530","caller":"core/lifecycle.go:712","msg":"Context canceled"}
{"level":"info","time":"2023-10-18T23:54:06.950+0530","caller":"jobmanager/JobSummaryManager.go:96","msg":"    \u001b[1mTest Execution Time\u001b[0m:                  \u001b[92m18s\u001b[0m"}
{"level":"info","time":"2023-10-18T23:54:06.950+0530","caller":"jobmanager/JobSummaryManager.go:96","msg":"    \u001b[1mJob Duration Time\u001b[0m:                    44s"}
{"level":"info","time":"2023-10-18T23:54:06.950+0530","caller":"core/lifecycle.go:715","msg":"\u001b[2mStopping pipeline gracefully\u001b[0m"}
{"level":"info","time":"2023-10-18T23:54:06.950+0530","caller":"jobmanager/JobSummaryManager.go:96","msg":"    \u001b[1mTotal Tasks\u001b[0m:                          1"}
{"level":"info","time":"2023-10-18T23:54:06.950+0530","caller":"jobmanager/JobSummaryManager.go:96","msg":"    \u001b[1mCumulative Time Consumed\u001b[0m:             44s"}
{"level":"debug","time":"2023-10-18T23:54:06.950+0530","caller":"core/lifecycle.go:718","msg":"Quit requested from main goroutine...."}
{"level":"info","time":"2023-10-18T23:54:06.950+0530","caller":"jobmanager/JobSummaryManager.go:96","msg":"    \u001b[1mTotal Stages\u001b[0m:                         2"}
{"level":"debug","time":"2023-10-18T23:54:06.950+0530","caller":"core/lifecycle.go:719","msg":"Waiting for the goroutines to exit"}
{"level":"info","time":"2023-10-18T23:54:06.950+0530","caller":"jobmanager/JobSummaryManager.go:96","msg":"    \u001b[1mPass discovery stage percentage\u001b[0m:      0.00%"}
{"level":"debug","time":"2023-10-18T23:54:06.950+0530","caller":"core/lifecycle.go:721","msg":"All goroutines exited"}
{"level":"info","time":"2023-10-18T23:54:06.951+0530","caller":"jobmanager/JobSummaryManager.go:96","msg":"    \u001b[1mFailed discovery stage percentage\u001b[0m:    0.00%"}
{"level":"info","time":"2023-10-18T23:54:06.951+0530","caller":"jobmanager/JobSummaryManager.go:96","msg":"    \u001b[1mPass pre stage percentage\u001b[0m:            \u001b[92m100.00%\u001b[0m"}
{"level":"info","time":"2023-10-18T23:54:06.951+0530","caller":"jobmanager/JobSummaryManager.go:96","msg":"    \u001b[1mFailed pre stage percentage\u001b[0m:          0.00%"}
{"level":"info","time":"2023-10-18T23:54:06.951+0530","caller":"jobmanager/setup.go:367","msg":"Job Link: \u001b[4m\u001b[34mhttps://hyperexecute.lambdatest.com/hyperexecute/task?jobId=46e08b7d-2e0e-4d1a-b67d-1c7767700242\u001b[0m\u001b[0m\n"}
{"level":"info","time":"2023-10-18T23:54:06.951+0530","caller":"jobmanager/JobSummaryManager.go:96","msg":"    \u001b[1mPass test stage percentage\u001b[0m:           \u001b[92m100.00%\u001b[0m"}
{"level":"debug","time":"2023-10-18T23:54:06.951+0530","caller":"cmd/bin.go:257","msg":"main: all goroutines have finished."}
{"level":"info","time":"2023-10-18T23:54:06.951+0530","caller":"jobmanager/JobSummaryManager.go:96","msg":"    \u001b[1mFailed test stage percentage\u001b[0m:         0.00%"}
{"level":"info","time":"2023-10-18T23:54:06.951+0530","caller":"jobmanager/JobSummaryManager.go:96","msg":"    \u001b[1mPass post stage percentage\u001b[0m:           0.00%"}
