07:22:04.932 request:
1 > GET https://gorest.co.in/public/v1/users/5372605
1 > Accept-Encoding: gzip,deflate
1 > Connection: Keep-Alive
1 > Host: gorest.co.in
1 > User-Agent: Apache-HttpClient/4.5.12 (Java/1.8.0_321)

07:22:06.318 response time in milliseconds: 1383.00
1 < 200
1 < CF-Cache-Status: DYNAMIC
1 < CF-RAY: 817d23c02cd26951-FRA
1 < Cache-Control: max-age=0, private, must-revalidate
1 < Connection: keep-alive
1 < Content-Type: application/json; charset=utf-8
1 < Date: Wed, 18 Oct 2023 01:52:03 GMT
1 < NEL: {"success_fraction":0,"report_to":"cf-nel","max_age":604800}
1 < Report-To: {"endpoints":[{"url":"https:\/\/a.nel.cloudflare.com\/report\/v3?s=Ry1s9LOul6HVK9%2F2eWqB%2FBUJaWiFibJxgXKRfXzXh76cSXdvkTYlG1C44Yb0g4PO%2Bv1dOT%2BoVPx9AFRofT7i%2BEMXckR4Xy63rFSICc8BBE07p%2FwQJ2o5E47aXNXhRHo%3D"}],"group":"cf-nel","max_age":604800}
1 < Server: cloudflare
1 < Transfer-Encoding: chunked
1 < alt-svc: h3=":443"; ma=86400
1 < etag: W/"4a4810da6362312181d966ad56c8b497"
1 < referrer-policy: strict-origin-when-cross-origin
1 < vary: Origin
1 < x-content-type-options: nosniff
1 < x-download-options: noopen
1 < x-frame-options: SAMEORIGIN
1 < x-permitted-cross-domain-policies: none
1 < x-request-id: 0df7b2b3-b7f0-4ad9-b4c3-f9fff58a0dc5
1 < x-runtime: 0.021962
1 < x-xss-protection: 0
{"meta":null,"data":{"id":5372605,"name":"Sujata Kakkar","email":"kakkar_sujata@kassulke-abshire.example","gender":"female","status":"inactive"}}

07:22:06.323 [print] {
  "data": {
    "gender": "female",
    "name": "Sujata Kakkar",
    "id": 5372605,
    "email": "kakkar_sujata@kassulke-abshire.example",
    "status": "inactive"
  },
  "meta": null
}

07:22:06.323 [print] {
  "data": {
    "gender": "female",
    "name": "Sujata Kakkar",
    "id": 5372605,
    "email": "kakkar_sujata@kassulke-abshire.example",
    "status": "inactive"
  },
  "meta": null
}

07:22:06.338 [print] Sujata Kakkar
